Java HotSpot(TM) 64-Bit Server VM warning: ignoring option MaxPermSize=350m; support was removed in 8.0
Java HotSpot(TM) 64-Bit Server VM warning: ignoring option MaxPermSize=350m; support was removed in 8.0
[   1841]  ERROR - nSystem.impl.ActionManagerImpl - action with the ID "Leiningen.RunBuild" was already registered. Action being registered is Run Leiningen Build (Execute selected leiningen goal); Registered action is Run Leiningen Build (Execute selected leiningen goal) Plugin: Cursive [Plugin: com.cursiveclojure.cursive] 
com.intellij.diagnostic.PluginException: action with the ID "Leiningen.RunBuild" was already registered. Action being registered is Run Leiningen Build (Execute selected leiningen goal); Registered action is Run Leiningen Build (Execute selected leiningen goal) Plugin: Cursive [Plugin: com.cursiveclojure.cursive]
	at com.intellij.openapi.actionSystem.impl.ActionManagerImpl.reportActionError(ActionManagerImpl.java:375)
	at com.intellij.openapi.actionSystem.impl.ActionManagerImpl.registerChameleon(ActionManagerImpl.java:1040)
	at com.intellij.openapi.actionSystem.impl.ActionManagerImpl.addToMap(ActionManagerImpl.java:1013)
	at com.intellij.openapi.actionSystem.impl.ActionManagerImpl.registerAction(ActionManagerImpl.java:991)
	at com.intellij.openapi.actionSystem.impl.ActionManagerImpl.registerOrReplaceActionInner(ActionManagerImpl.java:648)
	at com.intellij.openapi.actionSystem.impl.ActionManagerImpl.processActionElement(ActionManagerImpl.java:630)
	at com.intellij.openapi.actionSystem.impl.ActionManagerImpl.processActionsChildElement(ActionManagerImpl.java:965)
	at com.intellij.openapi.actionSystem.impl.ActionManagerImpl.registerPluginActions(ActionManagerImpl.java:481)
	at com.intellij.openapi.actionSystem.impl.ActionManagerImpl.<init>(ActionManagerImpl.java:145)
	at sun.reflect.NativeConstructorAccessorImpl.newInstance0(Native Method)
	at sun.reflect.NativeConstructorAccessorImpl.newInstance(NativeConstructorAccessorImpl.java:62)
	at sun.reflect.DelegatingConstructorAccessorImpl.newInstance(DelegatingConstructorAccessorImpl.java:45)
	at java.lang.reflect.Constructor.newInstance(Constructor.java:422)
	at org.picocontainer.defaults.InstantiatingComponentAdapter.newInstance(InstantiatingComponentAdapter.java:193)
	at org.picocontainer.defaults.ConstructorInjectionComponentAdapter$1.run(ConstructorInjectionComponentAdapter.java:220)
	at org.picocontainer.defaults.ThreadLocalCyclicDependencyGuard.observe(ThreadLocalCyclicDependencyGuard.java:53)
	at org.picocontainer.defaults.ConstructorInjectionComponentAdapter.getComponentInstance(ConstructorInjectionComponentAdapter.java:248)
	at com.intellij.util.pico.ConstructorInjectionComponentAdapter.getComponentInstance(ConstructorInjectionComponentAdapter.java:58)
	at com.intellij.openapi.components.impl.ComponentManagerImpl$ComponentConfigComponentAdapter$1.getComponentInstance(ComponentManagerImpl.java:550)
	at com.intellij.openapi.components.impl.ComponentManagerImpl$ComponentConfigComponentAdapter.getComponentInstance(ComponentManagerImpl.java:610)
	at com.intellij.util.pico.DefaultPicoContainer.getLocalInstance(DefaultPicoContainer.java:245)
	at com.intellij.util.pico.DefaultPicoContainer.getComponentInstance(DefaultPicoContainer.java:211)
	at org.picocontainer.defaults.BasicComponentParameter.resolveInstance(BasicComponentParameter.java:77)
	at org.picocontainer.defaults.ComponentParameter.resolveInstance(ComponentParameter.java:114)
	at org.picocontainer.defaults.ConstructorInjectionComponentAdapter.getConstructorArguments(ConstructorInjectionComponentAdapter.java:257)
	at org.picocontainer.defaults.ConstructorInjectionComponentAdapter$1.run(ConstructorInjectionComponentAdapter.java:217)
	at org.picocontainer.defaults.ThreadLocalCyclicDependencyGuard.observe(ThreadLocalCyclicDependencyGuard.java:53)
	at org.picocontainer.defaults.ConstructorInjectionComponentAdapter.getComponentInstance(ConstructorInjectionComponentAdapter.java:248)
	at com.intellij.util.pico.ConstructorInjectionComponentAdapter.getComponentInstance(ConstructorInjectionComponentAdapter.java:58)
	at com.intellij.openapi.components.impl.ComponentManagerImpl$ComponentConfigComponentAdapter$1.getComponentInstance(ComponentManagerImpl.java:550)
	at com.intellij.openapi.components.impl.ComponentManagerImpl$ComponentConfigComponentAdapter.getComponentInstance(ComponentManagerImpl.java:610)
	at com.intellij.util.pico.DefaultPicoContainer.getLocalInstance(DefaultPicoContainer.java:245)
	at com.intellij.util.pico.DefaultPicoContainer.getComponentInstance(DefaultPicoContainer.java:211)
	at com.intellij.openapi.components.impl.ComponentManagerImpl.createComponent(ComponentManagerImpl.java:125)
	at com.intellij.openapi.application.impl.ApplicationImpl.createComponent(ApplicationImpl.java:354)
	at com.intellij.openapi.components.impl.ComponentManagerImpl.createComponents(ComponentManagerImpl.java:116)
	at com.intellij.openapi.components.impl.ComponentManagerImpl.init(ComponentManagerImpl.java:87)
	at com.intellij.openapi.components.impl.stores.ApplicationStoreImpl.load(ApplicationStoreImpl.java:101)
	at com.intellij.openapi.application.impl.ApplicationImpl.load(ApplicationImpl.java:499)
	at com.intellij.openapi.application.impl.ApplicationImpl.load(ApplicationImpl.java:481)
	at com.intellij.idea.IdeaApplication.run(IdeaApplication.java:170)
	at com.intellij.idea.MainImpl$1$1$1.run(MainImpl.java:52)
	at java.awt.event.InvocationEvent.dispatch(InvocationEvent.java:311)
	at java.awt.EventQueue.dispatchEventImpl(EventQueue.java:756)
	at java.awt.EventQueue.access$500(EventQueue.java:97)
	at java.awt.EventQueue$3.run(EventQueue.java:709)
	at java.awt.EventQueue$3.run(EventQueue.java:703)
	at java.security.AccessController.doPrivileged(Native Method)
	at java.security.ProtectionDomain$JavaSecurityAccessImpl.doIntersectionPrivilege(ProtectionDomain.java:76)
	at java.awt.EventQueue.dispatchEvent(EventQueue.java:726)
	at com.intellij.ide.IdeEventQueue.dispatchEvent(IdeEventQueue.java:362)
	at java.awt.EventDispatchThread.pumpOneEventForFilters(EventDispatchThread.java:201)
	at java.awt.EventDispatchThread.pumpEventsForFilter(EventDispatchThread.java:116)
	at java.awt.EventDispatchThread.pumpEventsForHierarchy(EventDispatchThread.java:105)
	at java.awt.EventDispatchThread.pumpEvents(EventDispatchThread.java:101)
	at java.awt.EventDispatchThread.pumpEvents(EventDispatchThread.java:93)
	at java.awt.EventDispatchThread.run(EventDispatchThread.java:82)
[   1843]  ERROR - nSystem.impl.ActionManagerImpl - IntelliJ IDEA 14.1.5  Build #IC-141.2735.5 
[   1843]  ERROR - nSystem.impl.ActionManagerImpl - JDK: 1.8.0_66 
[   1843]  ERROR - nSystem.impl.ActionManagerImpl - VM: Java HotSpot(TM) 64-Bit Server VM 
[   1843]  ERROR - nSystem.impl.ActionManagerImpl - Vendor: Oracle Corporation 
[   1843]  ERROR - nSystem.impl.ActionManagerImpl - OS: Linux 
[   1844]  ERROR - nSystem.impl.ActionManagerImpl - action with the ID "Leiningen.AddManagedFiles" was already registered. Action being registered is Add Leiningen file (Add a Leiningen file); Registered action is Add Leiningen file (Add a Leiningen file) Plugin: Cursive [Plugin: com.cursiveclojure.cursive] 
com.intellij.diagnostic.PluginException: action with the ID "Leiningen.AddManagedFiles" was already registered. Action being registered is Add Leiningen file (Add a Leiningen file); Registered action is Add Leiningen file (Add a Leiningen file) Plugin: Cursive [Plugin: com.cursiveclojure.cursive]
	at com.intellij.openapi.actionSystem.impl.ActionManagerImpl.reportActionError(ActionManagerImpl.java:375)
	at com.intellij.openapi.actionSystem.impl.ActionManagerImpl.registerChameleon(ActionManagerImpl.java:1040)
	at com.intellij.openapi.actionSystem.impl.ActionManagerImpl.addToMap(ActionManagerImpl.java:1013)
	at com.intellij.openapi.actionSystem.impl.ActionManagerImpl.registerAction(ActionManagerImpl.java:991)
	at com.intellij.openapi.actionSystem.impl.ActionManagerImpl.registerOrReplaceActionInner(ActionManagerImpl.java:648)
	at com.intellij.openapi.actionSystem.impl.ActionManagerImpl.processActionElement(ActionManagerImpl.java:630)
	at com.intellij.openapi.actionSystem.impl.ActionManagerImpl.processActionsChildElement(ActionManagerImpl.java:965)
	at com.intellij.openapi.actionSystem.impl.ActionManagerImpl.registerPluginActions(ActionManagerImpl.java:481)
	at com.intellij.openapi.actionSystem.impl.ActionManagerImpl.<init>(ActionManagerImpl.java:145)
	at sun.reflect.NativeConstructorAccessorImpl.newInstance0(Native Method)
	at sun.reflect.NativeConstructorAccessorImpl.newInstance(NativeConstructorAccessorImpl.java:62)
	at sun.reflect.DelegatingConstructorAccessorImpl.newInstance(DelegatingConstructorAccessorImpl.java:45)
	at java.lang.reflect.Constructor.newInstance(Constructor.java:422)
	at org.picocontainer.defaults.InstantiatingComponentAdapter.newInstance(InstantiatingComponentAdapter.java:193)
	at org.picocontainer.defaults.ConstructorInjectionComponentAdapter$1.run(ConstructorInjectionComponentAdapter.java:220)
	at org.picocontainer.defaults.ThreadLocalCyclicDependencyGuard.observe(ThreadLocalCyclicDependencyGuard.java:53)
	at org.picocontainer.defaults.ConstructorInjectionComponentAdapter.getComponentInstance(ConstructorInjectionComponentAdapter.java:248)
	at com.intellij.util.pico.ConstructorInjectionComponentAdapter.getComponentInstance(ConstructorInjectionComponentAdapter.java:58)
	at com.intellij.openapi.components.impl.ComponentManagerImpl$ComponentConfigComponentAdapter$1.getComponentInstance(ComponentManagerImpl.java:550)
	at com.intellij.openapi.components.impl.ComponentManagerImpl$ComponentConfigComponentAdapter.getComponentInstance(ComponentManagerImpl.java:610)
	at com.intellij.util.pico.DefaultPicoContainer.getLocalInstance(DefaultPicoContainer.java:245)
	at com.intellij.util.pico.DefaultPicoContainer.getComponentInstance(DefaultPicoContainer.java:211)
	at org.picocontainer.defaults.BasicComponentParameter.resolveInstance(BasicComponentParameter.java:77)
	at org.picocontainer.defaults.ComponentParameter.resolveInstance(ComponentParameter.java:114)
	at org.picocontainer.defaults.ConstructorInjectionComponentAdapter.getConstructorArguments(ConstructorInjectionComponentAdapter.java:257)
	at org.picocontainer.defaults.ConstructorInjectionComponentAdapter$1.run(ConstructorInjectionComponentAdapter.java:217)
	at org.picocontainer.defaults.ThreadLocalCyclicDependencyGuard.observe(ThreadLocalCyclicDependencyGuard.java:53)
	at org.picocontainer.defaults.ConstructorInjectionComponentAdapter.getComponentInstance(ConstructorInjectionComponentAdapter.java:248)
	at com.intellij.util.pico.ConstructorInjectionComponentAdapter.getComponentInstance(ConstructorInjectionComponentAdapter.java:58)
	at com.intellij.openapi.components.impl.ComponentManagerImpl$ComponentConfigComponentAdapter$1.getComponentInstance(ComponentManagerImpl.java:550)
	at com.intellij.openapi.components.impl.ComponentManagerImpl$ComponentConfigComponentAdapter.getComponentInstance(ComponentManagerImpl.java:610)
	at com.intellij.util.pico.DefaultPicoContainer.getLocalInstance(DefaultPicoContainer.java:245)
	at com.intellij.util.pico.DefaultPicoContainer.getComponentInstance(DefaultPicoContainer.java:211)
	at com.intellij.openapi.components.impl.ComponentManagerImpl.createComponent(ComponentManagerImpl.java:125)
	at com.intellij.openapi.application.impl.ApplicationImpl.createComponent(ApplicationImpl.java:354)
	at com.intellij.openapi.components.impl.ComponentManagerImpl.createComponents(ComponentManagerImpl.java:116)
	at com.intellij.openapi.components.impl.ComponentManagerImpl.init(ComponentManagerImpl.java:87)
	at com.intellij.openapi.components.impl.stores.ApplicationStoreImpl.load(ApplicationStoreImpl.java:101)
	at com.intellij.openapi.application.impl.ApplicationImpl.load(ApplicationImpl.java:499)
	at com.intellij.openapi.application.impl.ApplicationImpl.load(ApplicationImpl.java:481)
	at com.intellij.idea.IdeaApplication.run(IdeaApplication.java:170)
	at com.intellij.idea.MainImpl$1$1$1.run(MainImpl.java:52)
	at java.awt.event.InvocationEvent.dispatch(InvocationEvent.java:311)
	at java.awt.EventQueue.dispatchEventImpl(EventQueue.java:756)
	at java.awt.EventQueue.access$500(EventQueue.java:97)
	at java.awt.EventQueue$3.run(EventQueue.java:709)
	at java.awt.EventQueue$3.run(EventQueue.java:703)
	at java.security.AccessController.doPrivileged(Native Method)
	at java.security.ProtectionDomain$JavaSecurityAccessImpl.doIntersectionPrivilege(ProtectionDomain.java:76)
	at java.awt.EventQueue.dispatchEvent(EventQueue.java:726)
	at com.intellij.ide.IdeEventQueue.dispatchEvent(IdeEventQueue.java:362)
	at java.awt.EventDispatchThread.pumpOneEventForFilters(EventDispatchThread.java:201)
	at java.awt.EventDispatchThread.pumpEventsForFilter(EventDispatchThread.java:116)
	at java.awt.EventDispatchThread.pumpEventsForHierarchy(EventDispatchThread.java:105)
	at java.awt.EventDispatchThread.pumpEvents(EventDispatchThread.java:101)
	at java.awt.EventDispatchThread.pumpEvents(EventDispatchThread.java:93)
	at java.awt.EventDispatchThread.run(EventDispatchThread.java:82)
[   1845]  ERROR - nSystem.impl.ActionManagerImpl - IntelliJ IDEA 14.1.5  Build #IC-141.2735.5 
[   1845]  ERROR - nSystem.impl.ActionManagerImpl - JDK: 1.8.0_66 
[   1845]  ERROR - nSystem.impl.ActionManagerImpl - VM: Java HotSpot(TM) 64-Bit Server VM 
[   1845]  ERROR - nSystem.impl.ActionManagerImpl - Vendor: Oracle Corporation 
[   1845]  ERROR - nSystem.impl.ActionManagerImpl - OS: Linux 
[   1845]  ERROR - nSystem.impl.ActionManagerImpl - action with the ID "Leiningen.RefreshProjects" was already registered. Action being registered is Refresh Leiningen Projects (Refresh all leiningen projects.); Registered action is Refresh Leiningen Projects (Refresh all leiningen projects.) Plugin: Cursive [Plugin: com.cursiveclojure.cursive] 
com.intellij.diagnostic.PluginException: action with the ID "Leiningen.RefreshProjects" was already registered. Action being registered is Refresh Leiningen Projects (Refresh all leiningen projects.); Registered action is Refresh Leiningen Projects (Refresh all leiningen projects.) Plugin: Cursive [Plugin: com.cursiveclojure.cursive]
	at com.intellij.openapi.actionSystem.impl.ActionManagerImpl.reportActionError(ActionManagerImpl.java:375)
	at com.intellij.openapi.actionSystem.impl.ActionManagerImpl.registerChameleon(ActionManagerImpl.java:1040)
	at com.intellij.openapi.actionSystem.impl.ActionManagerImpl.addToMap(ActionManagerImpl.java:1013)
	at com.intellij.openapi.actionSystem.impl.ActionManagerImpl.registerAction(ActionManagerImpl.java:991)
	at com.intellij.openapi.actionSystem.impl.ActionManagerImpl.registerOrReplaceActionInner(ActionManagerImpl.java:648)
	at com.intellij.openapi.actionSystem.impl.ActionManagerImpl.processActionElement(ActionManagerImpl.java:630)
	at com.intellij.openapi.actionSystem.impl.ActionManagerImpl.processActionsChildElement(ActionManagerImpl.java:965)
	at com.intellij.openapi.actionSystem.impl.ActionManagerImpl.registerPluginActions(ActionManagerImpl.java:481)
	at com.intellij.openapi.actionSystem.impl.ActionManagerImpl.<init>(ActionManagerImpl.java:145)
	at sun.reflect.NativeConstructorAccessorImpl.newInstance0(Native Method)
	at sun.reflect.NativeConstructorAccessorImpl.newInstance(NativeConstructorAccessorImpl.java:62)
	at sun.reflect.DelegatingConstructorAccessorImpl.newInstance(DelegatingConstructorAccessorImpl.java:45)
	at java.lang.reflect.Constructor.newInstance(Constructor.java:422)
	at org.picocontainer.defaults.InstantiatingComponentAdapter.newInstance(InstantiatingComponentAdapter.java:193)
	at org.picocontainer.defaults.ConstructorInjectionComponentAdapter$1.run(ConstructorInjectionComponentAdapter.java:220)
	at org.picocontainer.defaults.ThreadLocalCyclicDependencyGuard.observe(ThreadLocalCyclicDependencyGuard.java:53)
	at org.picocontainer.defaults.ConstructorInjectionComponentAdapter.getComponentInstance(ConstructorInjectionComponentAdapter.java:248)
	at com.intellij.util.pico.ConstructorInjectionComponentAdapter.getComponentInstance(ConstructorInjectionComponentAdapter.java:58)
	at com.intellij.openapi.components.impl.ComponentManagerImpl$ComponentConfigComponentAdapter$1.getComponentInstance(ComponentManagerImpl.java:550)
	at com.intellij.openapi.components.impl.ComponentManagerImpl$ComponentConfigComponentAdapter.getComponentInstance(ComponentManagerImpl.java:610)
	at com.intellij.util.pico.DefaultPicoContainer.getLocalInstance(DefaultPicoContainer.java:245)
	at com.intellij.util.pico.DefaultPicoContainer.getComponentInstance(DefaultPicoContainer.java:211)
	at org.picocontainer.defaults.BasicComponentParameter.resolveInstance(BasicComponentParameter.java:77)
	at org.picocontainer.defaults.ComponentParameter.resolveInstance(ComponentParameter.java:114)
	at org.picocontainer.defaults.ConstructorInjectionComponentAdapter.getConstructorArguments(ConstructorInjectionComponentAdapter.java:257)
	at org.picocontainer.defaults.ConstructorInjectionComponentAdapter$1.run(ConstructorInjectionComponentAdapter.java:217)
	at org.picocontainer.defaults.ThreadLocalCyclicDependencyGuard.observe(ThreadLocalCyclicDependencyGuard.java:53)
	at org.picocontainer.defaults.ConstructorInjectionComponentAdapter.getComponentInstance(ConstructorInjectionComponentAdapter.java:248)
	at com.intellij.util.pico.ConstructorInjectionComponentAdapter.getComponentInstance(ConstructorInjectionComponentAdapter.java:58)
	at com.intellij.openapi.components.impl.ComponentManagerImpl$ComponentConfigComponentAdapter$1.getComponentInstance(ComponentManagerImpl.java:550)
	at com.intellij.openapi.components.impl.ComponentManagerImpl$ComponentConfigComponentAdapter.getComponentInstance(ComponentManagerImpl.java:610)
	at com.intellij.util.pico.DefaultPicoContainer.getLocalInstance(DefaultPicoContainer.java:245)
	at com.intellij.util.pico.DefaultPicoContainer.getComponentInstance(DefaultPicoContainer.java:211)
	at com.intellij.openapi.components.impl.ComponentManagerImpl.createComponent(ComponentManagerImpl.java:125)
	at com.intellij.openapi.application.impl.ApplicationImpl.createComponent(ApplicationImpl.java:354)
	at com.intellij.openapi.components.impl.ComponentManagerImpl.createComponents(ComponentManagerImpl.java:116)
	at com.intellij.openapi.components.impl.ComponentManagerImpl.init(ComponentManagerImpl.java:87)
	at com.intellij.openapi.components.impl.stores.ApplicationStoreImpl.load(ApplicationStoreImpl.java:101)
	at com.intellij.openapi.application.impl.ApplicationImpl.load(ApplicationImpl.java:499)
	at com.intellij.openapi.application.impl.ApplicationImpl.load(ApplicationImpl.java:481)
	at com.intellij.idea.IdeaApplication.run(IdeaApplication.java:170)
	at com.intellij.idea.MainImpl$1$1$1.run(MainImpl.java:52)
	at java.awt.event.InvocationEvent.dispatch(InvocationEvent.java:311)
	at java.awt.EventQueue.dispatchEventImpl(EventQueue.java:756)
	at java.awt.EventQueue.access$500(EventQueue.java:97)
	at java.awt.EventQueue$3.run(EventQueue.java:709)
	at java.awt.EventQueue$3.run(EventQueue.java:703)
	at java.security.AccessController.doPrivileged(Native Method)
	at java.security.ProtectionDomain$JavaSecurityAccessImpl.doIntersectionPrivilege(ProtectionDomain.java:76)
	at java.awt.EventQueue.dispatchEvent(EventQueue.java:726)
	at com.intellij.ide.IdeEventQueue.dispatchEvent(IdeEventQueue.java:362)
	at java.awt.EventDispatchThread.pumpOneEventForFilters(EventDispatchThread.java:201)
	at java.awt.EventDispatchThread.pumpEventsForFilter(EventDispatchThread.java:116)
	at java.awt.EventDispatchThread.pumpEventsForHierarchy(EventDispatchThread.java:105)
	at java.awt.EventDispatchThread.pumpEvents(EventDispatchThread.java:101)
	at java.awt.EventDispatchThread.pumpEvents(EventDispatchThread.java:93)
	at java.awt.EventDispatchThread.run(EventDispatchThread.java:82)
[   1846]  ERROR - nSystem.impl.ActionManagerImpl - IntelliJ IDEA 14.1.5  Build #IC-141.2735.5 
[   1846]  ERROR - nSystem.impl.ActionManagerImpl - JDK: 1.8.0_66 
[   1846]  ERROR - nSystem.impl.ActionManagerImpl - VM: Java HotSpot(TM) 64-Bit Server VM 
[   1846]  ERROR - nSystem.impl.ActionManagerImpl - Vendor: Oracle Corporation 
[   1846]  ERROR - nSystem.impl.ActionManagerImpl - OS: Linux 
[   1847]  ERROR - nSystem.impl.ActionManagerImpl - action with the ID "Leiningen.ShowSettings" was already registered. Action being registered is Leiningen Settings (Show the Leiningen Settings page); Registered action is Leiningen Settings (Show the Leiningen Settings page) Plugin: Cursive [Plugin: com.cursiveclojure.cursive] 
com.intellij.diagnostic.PluginException: action with the ID "Leiningen.ShowSettings" was already registered. Action being registered is Leiningen Settings (Show the Leiningen Settings page); Registered action is Leiningen Settings (Show the Leiningen Settings page) Plugin: Cursive [Plugin: com.cursiveclojure.cursive]
	at com.intellij.openapi.actionSystem.impl.ActionManagerImpl.reportActionError(ActionManagerImpl.java:375)
	at com.intellij.openapi.actionSystem.impl.ActionManagerImpl.registerChameleon(ActionManagerImpl.java:1040)
	at com.intellij.openapi.actionSystem.impl.ActionManagerImpl.addToMap(ActionManagerImpl.java:1013)
	at com.intellij.openapi.actionSystem.impl.ActionManagerImpl.registerAction(ActionManagerImpl.java:991)
	at com.intellij.openapi.actionSystem.impl.ActionManagerImpl.registerOrReplaceActionInner(ActionManagerImpl.java:648)
	at com.intellij.openapi.actionSystem.impl.ActionManagerImpl.processActionElement(ActionManagerImpl.java:630)
	at com.intellij.openapi.actionSystem.impl.ActionManagerImpl.processActionsChildElement(ActionManagerImpl.java:965)
	at com.intellij.openapi.actionSystem.impl.ActionManagerImpl.registerPluginActions(ActionManagerImpl.java:481)
	at com.intellij.openapi.actionSystem.impl.ActionManagerImpl.<init>(ActionManagerImpl.java:145)
	at sun.reflect.NativeConstructorAccessorImpl.newInstance0(Native Method)
	at sun.reflect.NativeConstructorAccessorImpl.newInstance(NativeConstructorAccessorImpl.java:62)
	at sun.reflect.DelegatingConstructorAccessorImpl.newInstance(DelegatingConstructorAccessorImpl.java:45)
	at java.lang.reflect.Constructor.newInstance(Constructor.java:422)
	at org.picocontainer.defaults.InstantiatingComponentAdapter.newInstance(InstantiatingComponentAdapter.java:193)
	at org.picocontainer.defaults.ConstructorInjectionComponentAdapter$1.run(ConstructorInjectionComponentAdapter.java:220)
	at org.picocontainer.defaults.ThreadLocalCyclicDependencyGuard.observe(ThreadLocalCyclicDependencyGuard.java:53)
	at org.picocontainer.defaults.ConstructorInjectionComponentAdapter.getComponentInstance(ConstructorInjectionComponentAdapter.java:248)
	at com.intellij.util.pico.ConstructorInjectionComponentAdapter.getComponentInstance(ConstructorInjectionComponentAdapter.java:58)
	at com.intellij.openapi.components.impl.ComponentManagerImpl$ComponentConfigComponentAdapter$1.getComponentInstance(ComponentManagerImpl.java:550)
	at com.intellij.openapi.components.impl.ComponentManagerImpl$ComponentConfigComponentAdapter.getComponentInstance(ComponentManagerImpl.java:610)
	at com.intellij.util.pico.DefaultPicoContainer.getLocalInstance(DefaultPicoContainer.java:245)
	at com.intellij.util.pico.DefaultPicoContainer.getComponentInstance(DefaultPicoContainer.java:211)
	at org.picocontainer.defaults.BasicComponentParameter.resolveInstance(BasicComponentParameter.java:77)
	at org.picocontainer.defaults.ComponentParameter.resolveInstance(ComponentParameter.java:114)
	at org.picocontainer.defaults.ConstructorInjectionComponentAdapter.getConstructorArguments(ConstructorInjectionComponentAdapter.java:257)
	at org.picocontainer.defaults.ConstructorInjectionComponentAdapter$1.run(ConstructorInjectionComponentAdapter.java:217)
	at org.picocontainer.defaults.ThreadLocalCyclicDependencyGuard.observe(ThreadLocalCyclicDependencyGuard.java:53)
	at org.picocontainer.defaults.ConstructorInjectionComponentAdapter.getComponentInstance(ConstructorInjectionComponentAdapter.java:248)
	at com.intellij.util.pico.ConstructorInjectionComponentAdapter.getComponentInstance(ConstructorInjectionComponentAdapter.java:58)
	at com.intellij.openapi.components.impl.ComponentManagerImpl$ComponentConfigComponentAdapter$1.getComponentInstance(ComponentManagerImpl.java:550)
	at com.intellij.openapi.components.impl.ComponentManagerImpl$ComponentConfigComponentAdapter.getComponentInstance(ComponentManagerImpl.java:610)
	at com.intellij.util.pico.DefaultPicoContainer.getLocalInstance(DefaultPicoContainer.java:245)
	at com.intellij.util.pico.DefaultPicoContainer.getComponentInstance(DefaultPicoContainer.java:211)
	at com.intellij.openapi.components.impl.ComponentManagerImpl.createComponent(ComponentManagerImpl.java:125)
	at com.intellij.openapi.application.impl.ApplicationImpl.createComponent(ApplicationImpl.java:354)
	at com.intellij.openapi.components.impl.ComponentManagerImpl.createComponents(ComponentManagerImpl.java:116)
	at com.intellij.openapi.components.impl.ComponentManagerImpl.init(ComponentManagerImpl.java:87)
	at com.intellij.openapi.components.impl.stores.ApplicationStoreImpl.load(ApplicationStoreImpl.java:101)
	at com.intellij.openapi.application.impl.ApplicationImpl.load(ApplicationImpl.java:499)
	at com.intellij.openapi.application.impl.ApplicationImpl.load(ApplicationImpl.java:481)
	at com.intellij.idea.IdeaApplication.run(IdeaApplication.java:170)
	at com.intellij.idea.MainImpl$1$1$1.run(MainImpl.java:52)
	at java.awt.event.InvocationEvent.dispatch(InvocationEvent.java:311)
	at java.awt.EventQueue.dispatchEventImpl(EventQueue.java:756)
	at java.awt.EventQueue.access$500(EventQueue.java:97)
	at java.awt.EventQueue$3.run(EventQueue.java:709)
	at java.awt.EventQueue$3.run(EventQueue.java:703)
	at java.security.AccessController.doPrivileged(Native Method)
	at java.security.ProtectionDomain$JavaSecurityAccessImpl.doIntersectionPrivilege(ProtectionDomain.java:76)
	at java.awt.EventQueue.dispatchEvent(EventQueue.java:726)
	at com.intellij.ide.IdeEventQueue.dispatchEvent(IdeEventQueue.java:362)
	at java.awt.EventDispatchThread.pumpOneEventForFilters(EventDispatchThread.java:201)
	at java.awt.EventDispatchThread.pumpEventsForFilter(EventDispatchThread.java:116)
	at java.awt.EventDispatchThread.pumpEventsForHierarchy(EventDispatchThread.java:105)
	at java.awt.EventDispatchThread.pumpEvents(EventDispatchThread.java:101)
	at java.awt.EventDispatchThread.pumpEvents(EventDispatchThread.java:93)
	at java.awt.EventDispatchThread.run(EventDispatchThread.java:82)
[   1847]  ERROR - nSystem.impl.ActionManagerImpl - IntelliJ IDEA 14.1.5  Build #IC-141.2735.5 
[   1847]  ERROR - nSystem.impl.ActionManagerImpl - JDK: 1.8.0_66 
[   1847]  ERROR - nSystem.impl.ActionManagerImpl - VM: Java HotSpot(TM) 64-Bit Server VM 
[   1847]  ERROR - nSystem.impl.ActionManagerImpl - Vendor: Oracle Corporation 
[   1847]  ERROR - nSystem.impl.ActionManagerImpl - OS: Linux 
[   1847]  ERROR - nSystem.impl.ActionManagerImpl - action with the ID "Leiningen.NavigatorActionsToolbar" was already registered. Action being registered is null (null); Registered action is  (null) Plugin: Cursive [Plugin: com.cursiveclojure.cursive] 
com.intellij.diagnostic.PluginException: action with the ID "Leiningen.NavigatorActionsToolbar" was already registered. Action being registered is null (null); Registered action is  (null) Plugin: Cursive [Plugin: com.cursiveclojure.cursive]
	at com.intellij.openapi.actionSystem.impl.ActionManagerImpl.reportActionError(ActionManagerImpl.java:375)
	at com.intellij.openapi.actionSystem.impl.ActionManagerImpl.registerChameleon(ActionManagerImpl.java:1040)
	at com.intellij.openapi.actionSystem.impl.ActionManagerImpl.addToMap(ActionManagerImpl.java:1013)
	at com.intellij.openapi.actionSystem.impl.ActionManagerImpl.registerAction(ActionManagerImpl.java:991)
	at com.intellij.openapi.actionSystem.impl.ActionManagerImpl.registerOrReplaceActionInner(ActionManagerImpl.java:648)
	at com.intellij.openapi.actionSystem.impl.ActionManagerImpl.processGroupElement(ActionManagerImpl.java:704)
	at com.intellij.openapi.actionSystem.impl.ActionManagerImpl.processActionsChildElement(ActionManagerImpl.java:971)
	at com.intellij.openapi.actionSystem.impl.ActionManagerImpl.registerPluginActions(ActionManagerImpl.java:481)
	at com.intellij.openapi.actionSystem.impl.ActionManagerImpl.<init>(ActionManagerImpl.java:145)
	at sun.reflect.NativeConstructorAccessorImpl.newInstance0(Native Method)
	at sun.reflect.NativeConstructorAccessorImpl.newInstance(NativeConstructorAccessorImpl.java:62)
	at sun.reflect.DelegatingConstructorAccessorImpl.newInstance(DelegatingConstructorAccessorImpl.java:45)
	at java.lang.reflect.Constructor.newInstance(Constructor.java:422)
	at org.picocontainer.defaults.InstantiatingComponentAdapter.newInstance(InstantiatingComponentAdapter.java:193)
	at org.picocontainer.defaults.ConstructorInjectionComponentAdapter$1.run(ConstructorInjectionComponentAdapter.java:220)
	at org.picocontainer.defaults.ThreadLocalCyclicDependencyGuard.observe(ThreadLocalCyclicDependencyGuard.java:53)
	at org.picocontainer.defaults.ConstructorInjectionComponentAdapter.getComponentInstance(ConstructorInjectionComponentAdapter.java:248)
	at com.intellij.util.pico.ConstructorInjectionComponentAdapter.getComponentInstance(ConstructorInjectionComponentAdapter.java:58)
	at com.intellij.openapi.components.impl.ComponentManagerImpl$ComponentConfigComponentAdapter$1.getComponentInstance(ComponentManagerImpl.java:550)
	at com.intellij.openapi.components.impl.ComponentManagerImpl$ComponentConfigComponentAdapter.getComponentInstance(ComponentManagerImpl.java:610)
	at com.intellij.util.pico.DefaultPicoContainer.getLocalInstance(DefaultPicoContainer.java:245)
	at com.intellij.util.pico.DefaultPicoContainer.getComponentInstance(DefaultPicoContainer.java:211)
	at org.picocontainer.defaults.BasicComponentParameter.resolveInstance(BasicComponentParameter.java:77)
	at org.picocontainer.defaults.ComponentParameter.resolveInstance(ComponentParameter.java:114)
	at org.picocontainer.defaults.ConstructorInjectionComponentAdapter.getConstructorArguments(ConstructorInjectionComponentAdapter.java:257)
	at org.picocontainer.defaults.ConstructorInjectionComponentAdapter$1.run(ConstructorInjectionComponentAdapter.java:217)
	at org.picocontainer.defaults.ThreadLocalCyclicDependencyGuard.observe(ThreadLocalCyclicDependencyGuard.java:53)
	at org.picocontainer.defaults.ConstructorInjectionComponentAdapter.getComponentInstance(ConstructorInjectionComponentAdapter.java:248)
	at com.intellij.util.pico.ConstructorInjectionComponentAdapter.getComponentInstance(ConstructorInjectionComponentAdapter.java:58)
	at com.intellij.openapi.components.impl.ComponentManagerImpl$ComponentConfigComponentAdapter$1.getComponentInstance(ComponentManagerImpl.java:550)
	at com.intellij.openapi.components.impl.ComponentManagerImpl$ComponentConfigComponentAdapter.getComponentInstance(ComponentManagerImpl.java:610)
	at com.intellij.util.pico.DefaultPicoContainer.getLocalInstance(DefaultPicoContainer.java:245)
	at com.intellij.util.pico.DefaultPicoContainer.getComponentInstance(DefaultPicoContainer.java:211)
	at com.intellij.openapi.components.impl.ComponentManagerImpl.createComponent(ComponentManagerImpl.java:125)
	at com.intellij.openapi.application.impl.ApplicationImpl.createComponent(ApplicationImpl.java:354)
	at com.intellij.openapi.components.impl.ComponentManagerImpl.createComponents(ComponentManagerImpl.java:116)
	at com.intellij.openapi.components.impl.ComponentManagerImpl.init(ComponentManagerImpl.java:87)
	at com.intellij.openapi.components.impl.stores.ApplicationStoreImpl.load(ApplicationStoreImpl.java:101)
	at com.intellij.openapi.application.impl.ApplicationImpl.load(ApplicationImpl.java:499)
	at com.intellij.openapi.application.impl.ApplicationImpl.load(ApplicationImpl.java:481)
	at com.intellij.idea.IdeaApplication.run(IdeaApplication.java:170)
	at com.intellij.idea.MainImpl$1$1$1.run(MainImpl.java:52)
	at java.awt.event.InvocationEvent.dispatch(InvocationEvent.java:311)
	at java.awt.EventQueue.dispatchEventImpl(EventQueue.java:756)
	at java.awt.EventQueue.access$500(EventQueue.java:97)
	at java.awt.EventQueue$3.run(EventQueue.java:709)
	at java.awt.EventQueue$3.run(EventQueue.java:703)
	at java.security.AccessController.doPrivileged(Native Method)
	at java.security.ProtectionDomain$JavaSecurityAccessImpl.doIntersectionPrivilege(ProtectionDomain.java:76)
	at java.awt.EventQueue.dispatchEvent(EventQueue.java:726)
	at com.intellij.ide.IdeEventQueue.dispatchEvent(IdeEventQueue.java:362)
	at java.awt.EventDispatchThread.pumpOneEventForFilters(EventDispatchThread.java:201)
	at java.awt.EventDispatchThread.pumpEventsForFilter(EventDispatchThread.java:116)
	at java.awt.EventDispatchThread.pumpEventsForHierarchy(EventDispatchThread.java:105)
	at java.awt.EventDispatchThread.pumpEvents(EventDispatchThread.java:101)
	at java.awt.EventDispatchThread.pumpEvents(EventDispatchThread.java:93)
	at java.awt.EventDispatchThread.run(EventDispatchThread.java:82)
[   1848]  ERROR - nSystem.impl.ActionManagerImpl - IntelliJ IDEA 14.1.5  Build #IC-141.2735.5 
[   1848]  ERROR - nSystem.impl.ActionManagerImpl - JDK: 1.8.0_66 
[   1848]  ERROR - nSystem.impl.ActionManagerImpl - VM: Java HotSpot(TM) 64-Bit Server VM 
[   1848]  ERROR - nSystem.impl.ActionManagerImpl - Vendor: Oracle Corporation 
[   1848]  ERROR - nSystem.impl.ActionManagerImpl - OS: Linux 
[   2248]  ERROR - nsions.impl.ExtensionPointImpl - com/intellij/execution/LocatableConfigurationType 
com.intellij.openapi.extensions.impl.PicoPluginExtensionInitializationException: com/intellij/execution/LocatableConfigurationType
	at com.intellij.openapi.extensions.impl.ExtensionComponentAdapter.getComponentInstance(ExtensionComponentAdapter.java:96)
	at com.intellij.openapi.extensions.impl.ExtensionComponentAdapter.getExtension(ExtensionComponentAdapter.java:119)
	at com.intellij.openapi.extensions.impl.ExtensionPointImpl.processAdapters(ExtensionPointImpl.java:249)
	at com.intellij.openapi.extensions.impl.ExtensionPointImpl.getExtensions(ExtensionPointImpl.java:194)
	at com.intellij.openapi.extensions.Extensions.getExtensions(Extensions.java:101)
	at com.intellij.openapi.extensions.Extensions.getExtensions(Extensions.java:87)
	at com.intellij.openapi.extensions.ExtensionPointName.getExtensions(ExtensionPointName.java:49)
	at com.intellij.execution.impl.RunManagerImpl.<init>(RunManagerImpl.java:102)
	at sun.reflect.NativeConstructorAccessorImpl.newInstance0(Native Method)
	at sun.reflect.NativeConstructorAccessorImpl.newInstance(NativeConstructorAccessorImpl.java:62)
	at sun.reflect.DelegatingConstructorAccessorImpl.newInstance(DelegatingConstructorAccessorImpl.java:45)
	at java.lang.reflect.Constructor.newInstance(Constructor.java:422)
	at org.picocontainer.defaults.InstantiatingComponentAdapter.newInstance(InstantiatingComponentAdapter.java:193)
	at org.picocontainer.defaults.ConstructorInjectionComponentAdapter$1.run(ConstructorInjectionComponentAdapter.java:220)
	at org.picocontainer.defaults.ThreadLocalCyclicDependencyGuard.observe(ThreadLocalCyclicDependencyGuard.java:53)
	at org.picocontainer.defaults.ConstructorInjectionComponentAdapter.getComponentInstance(ConstructorInjectionComponentAdapter.java:248)
	at com.intellij.util.pico.ConstructorInjectionComponentAdapter.getComponentInstance(ConstructorInjectionComponentAdapter.java:58)
	at com.intellij.openapi.components.impl.ComponentManagerImpl$ComponentConfigComponentAdapter$1.getComponentInstance(ComponentManagerImpl.java:550)
	at com.intellij.openapi.components.impl.ComponentManagerImpl$ComponentConfigComponentAdapter.getComponentInstance(ComponentManagerImpl.java:610)
	at com.intellij.util.pico.DefaultPicoContainer.getLocalInstance(DefaultPicoContainer.java:245)
	at com.intellij.util.pico.DefaultPicoContainer.getComponentInstance(DefaultPicoContainer.java:211)
	at com.intellij.openapi.components.impl.ComponentManagerImpl.createComponent(ComponentManagerImpl.java:125)
	at com.intellij.openapi.components.impl.ComponentManagerImpl.createComponents(ComponentManagerImpl.java:116)
	at com.intellij.openapi.components.impl.ComponentManagerImpl.init(ComponentManagerImpl.java:87)
	at com.intellij.openapi.project.impl.ProjectImpl.init(ProjectImpl.java:292)
	at com.intellij.openapi.project.impl.ProjectManagerImpl.initProject(ProjectManagerImpl.java:319)
	at com.intellij.openapi.project.impl.ProjectManagerImpl.access$700(ProjectManagerImpl.java:82)
	at com.intellij.openapi.project.impl.ProjectManagerImpl$6.run(ProjectManagerImpl.java:398)
	at com.intellij.openapi.progress.impl.CoreProgressManager.registerIndicatorAndRun(CoreProgressManager.java:452)
	at com.intellij.openapi.progress.impl.CoreProgressManager.executeProcessUnderProgress(CoreProgressManager.java:402)
	at com.intellij.openapi.progress.impl.ProgressManagerImpl.executeProcessUnderProgress(ProgressManagerImpl.java:54)
	at com.intellij.openapi.progress.impl.CoreProgressManager.executeNonCancelableSection(CoreProgressManager.java:180)
	at com.intellij.openapi.project.impl.ProjectManagerImpl.getDefaultProject(ProjectManagerImpl.java:393)
	at com.intellij.openapi.project.DefaultProjectFactoryImpl.getDefaultProject(DefaultProjectFactoryImpl.java:24)
	at org.jetbrains.java.decompiler.IdeaDecompiler.<init>(IdeaDecompiler.java:94)
	at sun.reflect.NativeConstructorAccessorImpl.newInstance0(Native Method)
	at sun.reflect.NativeConstructorAccessorImpl.newInstance(NativeConstructorAccessorImpl.java:62)
	at sun.reflect.DelegatingConstructorAccessorImpl.newInstance(DelegatingConstructorAccessorImpl.java:45)
	at java.lang.reflect.Constructor.newInstance(Constructor.java:422)
	at org.picocontainer.defaults.InstantiatingComponentAdapter.newInstance(InstantiatingComponentAdapter.java:193)
	at org.picocontainer.defaults.ConstructorInjectionComponentAdapter$1.run(ConstructorInjectionComponentAdapter.java:220)
	at org.picocontainer.defaults.ThreadLocalCyclicDependencyGuard.observe(ThreadLocalCyclicDependencyGuard.java:53)
	at org.picocontainer.defaults.ConstructorInjectionComponentAdapter.getComponentInstance(ConstructorInjectionComponentAdapter.java:248)
	at com.intellij.util.pico.ConstructorInjectionComponentAdapter.getComponentInstance(ConstructorInjectionComponentAdapter.java:58)
	at com.intellij.openapi.extensions.impl.ExtensionComponentAdapter.getComponentInstance(ExtensionComponentAdapter.java:77)
	at com.intellij.openapi.extensions.impl.ExtensionComponentAdapter.getExtension(ExtensionComponentAdapter.java:119)
	at com.intellij.openapi.extensions.impl.ExtensionPointImpl.processAdapters(ExtensionPointImpl.java:249)
	at com.intellij.openapi.extensions.impl.ExtensionPointImpl.getExtensions(ExtensionPointImpl.java:194)
	at com.intellij.openapi.extensions.Extensions.getExtensions(Extensions.java:101)
	at com.intellij.openapi.extensions.Extensions.getExtensions(Extensions.java:87)
	at com.intellij.openapi.extensions.ExtensionPointName.getExtensions(ExtensionPointName.java:49)
	at com.intellij.psi.impl.compiled.ClassFileStubBuilder.getStubVersion(ClassFileStubBuilder.java:105)
	at com.intellij.psi.stubs.CumulativeStubVersion.getCumulativeVersion(CumulativeStubVersion.java:46)
	at com.intellij.psi.stubs.StubUpdatingIndex.getVersion(StubUpdatingIndex.java:206)
	at com.intellij.util.indexing.FileBasedIndexImpl.registerIndexer(FileBasedIndexImpl.java:382)
	at com.intellij.util.indexing.FileBasedIndexImpl.initExtensions(FileBasedIndexImpl.java:285)
	at com.intellij.util.indexing.FileBasedIndexImpl.initComponent(FileBasedIndexImpl.java:362)
	at com.intellij.openapi.components.impl.ComponentManagerImpl$ComponentConfigComponentAdapter$1.getComponentInstance(ComponentManagerImpl.java:568)
	at com.intellij.openapi.components.impl.ComponentManagerImpl$ComponentConfigComponentAdapter.getComponentInstance(ComponentManagerImpl.java:610)
	at com.intellij.util.pico.DefaultPicoContainer.getLocalInstance(DefaultPicoContainer.java:245)
	at com.intellij.util.pico.DefaultPicoContainer.getComponentInstance(DefaultPicoContainer.java:211)
	at com.intellij.openapi.components.impl.ComponentManagerImpl.createComponent(ComponentManagerImpl.java:125)
	at com.intellij.openapi.application.impl.ApplicationImpl.createComponent(ApplicationImpl.java:354)
	at com.intellij.openapi.components.impl.ComponentManagerImpl.createComponents(ComponentManagerImpl.java:116)
	at com.intellij.openapi.components.impl.ComponentManagerImpl.init(ComponentManagerImpl.java:87)
	at com.intellij.openapi.components.impl.stores.ApplicationStoreImpl.load(ApplicationStoreImpl.java:101)
	at com.intellij.openapi.application.impl.ApplicationImpl.load(ApplicationImpl.java:499)
	at com.intellij.openapi.application.impl.ApplicationImpl.load(ApplicationImpl.java:481)
	at com.intellij.idea.IdeaApplication.run(IdeaApplication.java:170)
	at com.intellij.idea.MainImpl$1$1$1.run(MainImpl.java:52)
	at java.awt.event.InvocationEvent.dispatch(InvocationEvent.java:311)
	at java.awt.EventQueue.dispatchEventImpl(EventQueue.java:756)
	at java.awt.EventQueue.access$500(EventQueue.java:97)
	at java.awt.EventQueue$3.run(EventQueue.java:709)
	at java.awt.EventQueue$3.run(EventQueue.java:703)
	at java.security.AccessController.doPrivileged(Native Method)
	at java.security.ProtectionDomain$JavaSecurityAccessImpl.doIntersectionPrivilege(ProtectionDomain.java:76)
	at java.awt.EventQueue.dispatchEvent(EventQueue.java:726)
	at com.intellij.ide.IdeEventQueue.dispatchEvent(IdeEventQueue.java:362)
	at java.awt.EventDispatchThread.pumpOneEventForFilters(EventDispatchThread.java:201)
	at java.awt.EventDispatchThread.pumpEventsForFilter(EventDispatchThread.java:116)
	at java.awt.EventDispatchThread.pumpEventsForHierarchy(EventDispatchThread.java:105)
	at java.awt.EventDispatchThread.pumpEvents(EventDispatchThread.java:101)
	at java.awt.EventDispatchThread.pumpEvents(EventDispatchThread.java:93)
	at java.awt.EventDispatchThread.run(EventDispatchThread.java:82)
Caused by: java.lang.NoClassDefFoundError: com/intellij/execution/LocatableConfigurationType
	at java.lang.ClassLoader.defineClass1(Native Method)
	at java.lang.ClassLoader.defineClass(ClassLoader.java:760)
	at java.lang.ClassLoader.defineClass(ClassLoader.java:642)
	at com.intellij.util.lang.UrlClassLoader._defineClass(UrlClassLoader.java:259)
	at com.intellij.util.lang.UrlClassLoader.defineClass(UrlClassLoader.java:255)
	at com.intellij.util.lang.UrlClassLoader._findClass(UrlClassLoader.java:231)
	at com.intellij.ide.plugins.cl.PluginClassLoader.loadClassInsideSelf(PluginClassLoader.java:124)
	at com.intellij.ide.plugins.cl.PluginClassLoader.tryLoadingClass(PluginClassLoader.java:77)
	at com.intellij.ide.plugins.cl.PluginClassLoader.loadClass(PluginClassLoader.java:66)
	at java.lang.ClassLoader.loadClass(ClassLoader.java:357)
	at java.lang.Class.forName0(Native Method)
	at java.lang.Class.forName(Class.java:348)
	at com.intellij.openapi.extensions.impl.ExtensionComponentAdapter.loadImplementationClass(ExtensionComponentAdapter.java:156)
	at com.intellij.openapi.extensions.impl.ExtensionComponentAdapter.getComponentImplementation(ExtensionComponentAdapter.java:66)
	at com.intellij.openapi.extensions.impl.ExtensionComponentAdapter.getComponentInstance(ExtensionComponentAdapter.java:73)
	... 84 more
Caused by: java.lang.ClassNotFoundException: com.intellij.execution.LocatableConfigurationType PluginClassLoader[Leiningen, 0.0.3]
	at com.intellij.ide.plugins.cl.PluginClassLoader.loadClass(PluginClassLoader.java:68)
	at java.lang.ClassLoader.loadClass(ClassLoader.java:357)
	... 99 more
Caused by:

java.lang.NoClassDefFoundError: com/intellij/execution/LocatableConfigurationType
	at java.lang.ClassLoader.defineClass1(Native Method)
	at java.lang.ClassLoader.defineClass(ClassLoader.java:760)
	at java.lang.ClassLoader.defineClass(ClassLoader.java:642)
	at com.intellij.util.lang.UrlClassLoader._defineClass(UrlClassLoader.java:259)
	at com.intellij.util.lang.UrlClassLoader.defineClass(UrlClassLoader.java:255)
	at com.intellij.util.lang.UrlClassLoader._findClass(UrlClassLoader.java:231)
	at com.intellij.ide.plugins.cl.PluginClassLoader.loadClassInsideSelf(PluginClassLoader.java:124)
	at com.intellij.ide.plugins.cl.PluginClassLoader.tryLoadingClass(PluginClassLoader.java:77)
	at com.intellij.ide.plugins.cl.PluginClassLoader.loadClass(PluginClassLoader.java:66)
	at java.lang.ClassLoader.loadClass(ClassLoader.java:357)
	at java.lang.Class.forName0(Native Method)
	at java.lang.Class.forName(Class.java:348)
	at com.intellij.openapi.extensions.impl.ExtensionComponentAdapter.loadImplementationClass(ExtensionComponentAdapter.java:156)
	at com.intellij.openapi.extensions.impl.ExtensionComponentAdapter.getComponentImplementation(ExtensionComponentAdapter.java:66)
	at com.intellij.openapi.extensions.impl.ExtensionComponentAdapter.getComponentInstance(ExtensionComponentAdapter.java:73)
	at com.intellij.openapi.extensions.impl.ExtensionComponentAdapter.getExtension(ExtensionComponentAdapter.java:119)
	at com.intellij.openapi.extensions.impl.ExtensionPointImpl.processAdapters(ExtensionPointImpl.java:249)
	at com.intellij.openapi.extensions.impl.ExtensionPointImpl.getExtensions(ExtensionPointImpl.java:194)
	at com.intellij.openapi.extensions.Extensions.getExtensions(Extensions.java:101)
	at com.intellij.openapi.extensions.Extensions.getExtensions(Extensions.java:87)
	at com.intellij.openapi.extensions.ExtensionPointName.getExtensions(ExtensionPointName.java:49)
	at com.intellij.execution.impl.RunManagerImpl.<init>(RunManagerImpl.java:102)
	at sun.reflect.NativeConstructorAccessorImpl.newInstance0(Native Method)
	at sun.reflect.NativeConstructorAccessorImpl.newInstance(NativeConstructorAccessorImpl.java:62)
	at sun.reflect.DelegatingConstructorAccessorImpl.newInstance(DelegatingConstructorAccessorImpl.java:45)
	at java.lang.reflect.Constructor.newInstance(Constructor.java:422)
	at org.picocontainer.defaults.InstantiatingComponentAdapter.newInstance(InstantiatingComponentAdapter.java:193)
	at org.picocontainer.defaults.ConstructorInjectionComponentAdapter$1.run(ConstructorInjectionComponentAdapter.java:220)
	at org.picocontainer.defaults.ThreadLocalCyclicDependencyGuard.observe(ThreadLocalCyclicDependencyGuard.java:53)
	at org.picocontainer.defaults.ConstructorInjectionComponentAdapter.getComponentInstance(ConstructorInjectionComponentAdapter.java:248)
	at com.intellij.util.pico.ConstructorInjectionComponentAdapter.getComponentInstance(ConstructorInjectionComponentAdapter.java:58)
	at com.intellij.openapi.components.impl.ComponentManagerImpl$ComponentConfigComponentAdapter$1.getComponentInstance(ComponentManagerImpl.java:550)
	at com.intellij.openapi.components.impl.ComponentManagerImpl$ComponentConfigComponentAdapter.getComponentInstance(ComponentManagerImpl.java:610)
	at com.intellij.util.pico.DefaultPicoContainer.getLocalInstance(DefaultPicoContainer.java:245)
	at com.intellij.util.pico.DefaultPicoContainer.getComponentInstance(DefaultPicoContainer.java:211)
	at com.intellij.openapi.components.impl.ComponentManagerImpl.createComponent(ComponentManagerImpl.java:125)
	at com.intellij.openapi.components.impl.ComponentManagerImpl.createComponents(ComponentManagerImpl.java:116)
	at com.intellij.openapi.components.impl.ComponentManagerImpl.init(ComponentManagerImpl.java:87)
	at com.intellij.openapi.project.impl.ProjectImpl.init(ProjectImpl.java:292)
	at com.intellij.openapi.project.impl.ProjectManagerImpl.initProject(ProjectManagerImpl.java:319)
	at com.intellij.openapi.project.impl.ProjectManagerImpl.access$700(ProjectManagerImpl.java:82)
	at com.intellij.openapi.project.impl.ProjectManagerImpl$6.run(ProjectManagerImpl.java:398)
	at com.intellij.openapi.progress.impl.CoreProgressManager.registerIndicatorAndRun(CoreProgressManager.java:452)
	at com.intellij.openapi.progress.impl.CoreProgressManager.executeProcessUnderProgress(CoreProgressManager.java:402)
	at com.intellij.openapi.progress.impl.ProgressManagerImpl.executeProcessUnderProgress(ProgressManagerImpl.java:54)
	at com.intellij.openapi.progress.impl.CoreProgressManager.executeNonCancelableSection(CoreProgressManager.java:180)
	at com.intellij.openapi.project.impl.ProjectManagerImpl.getDefaultProject(ProjectManagerImpl.java:393)
	at com.intellij.openapi.project.DefaultProjectFactoryImpl.getDefaultProject(DefaultProjectFactoryImpl.java:24)
	at org.jetbrains.java.decompiler.IdeaDecompiler.<init>(IdeaDecompiler.java:94)
	at sun.reflect.NativeConstructorAccessorImpl.newInstance0(Native Method)
	at sun.reflect.NativeConstructorAccessorImpl.newInstance(NativeConstructorAccessorImpl.java:62)
	at sun.reflect.DelegatingConstructorAccessorImpl.newInstance(DelegatingConstructorAccessorImpl.java:45)
	at java.lang.reflect.Constructor.newInstance(Constructor.java:422)
	at org.picocontainer.defaults.InstantiatingComponentAdapter.newInstance(InstantiatingComponentAdapter.java:193)
	at org.picocontainer.defaults.ConstructorInjectionComponentAdapter$1.run(ConstructorInjectionComponentAdapter.java:220)
	at org.picocontainer.defaults.ThreadLocalCyclicDependencyGuard.observe(ThreadLocalCyclicDependencyGuard.java:53)
	at org.picocontainer.defaults.ConstructorInjectionComponentAdapter.getComponentInstance(ConstructorInjectionComponentAdapter.java:248)
	at com.intellij.util.pico.ConstructorInjectionComponentAdapter.getComponentInstance(ConstructorInjectionComponentAdapter.java:58)
	at com.intellij.openapi.extensions.impl.ExtensionComponentAdapter.getComponentInstance(ExtensionComponentAdapter.java:77)
	at com.intellij.openapi.extensions.impl.ExtensionComponentAdapter.getExtension(ExtensionComponentAdapter.java:119)
	at com.intellij.openapi.extensions.impl.ExtensionPointImpl.processAdapters(ExtensionPointImpl.java:249)
	at com.intellij.openapi.extensions.impl.ExtensionPointImpl.getExtensions(ExtensionPointImpl.java:194)
	at com.intellij.openapi.extensions.Extensions.getExtensions(Extensions.java:101)
	at com.intellij.openapi.extensions.Extensions.getExtensions(Extensions.java:87)
	at com.intellij.openapi.extensions.ExtensionPointName.getExtensions(ExtensionPointName.java:49)
	at com.intellij.psi.impl.compiled.ClassFileStubBuilder.getStubVersion(ClassFileStubBuilder.java:105)
	at com.intellij.psi.stubs.CumulativeStubVersion.getCumulativeVersion(CumulativeStubVersion.java:46)
	at com.intellij.psi.stubs.StubUpdatingIndex.getVersion(StubUpdatingIndex.java:206)
	at com.intellij.util.indexing.FileBasedIndexImpl.registerIndexer(FileBasedIndexImpl.java:382)
	at com.intellij.util.indexing.FileBasedIndexImpl.initExtensions(FileBasedIndexImpl.java:285)
	at com.intellij.util.indexing.FileBasedIndexImpl.initComponent(FileBasedIndexImpl.java:362)
	at com.intellij.openapi.components.impl.ComponentManagerImpl$ComponentConfigComponentAdapter$1.getComponentInstance(ComponentManagerImpl.java:568)
	at com.intellij.openapi.components.impl.ComponentManagerImpl$ComponentConfigComponentAdapter.getComponentInstance(ComponentManagerImpl.java:610)
	at com.intellij.util.pico.DefaultPicoContainer.getLocalInstance(DefaultPicoContainer.java:245)
	at com.intellij.util.pico.DefaultPicoContainer.getComponentInstance(DefaultPicoContainer.java:211)
	at com.intellij.openapi.components.impl.ComponentManagerImpl.createComponent(ComponentManagerImpl.java:125)
	at com.intellij.openapi.application.impl.ApplicationImpl.createComponent(ApplicationImpl.java:354)
	at com.intellij.openapi.components.impl.ComponentManagerImpl.createComponents(ComponentManagerImpl.java:116)
	at com.intellij.openapi.components.impl.ComponentManagerImpl.init(ComponentManagerImpl.java:87)
	at com.intellij.openapi.components.impl.stores.ApplicationStoreImpl.load(ApplicationStoreImpl.java:101)
	at com.intellij.openapi.application.impl.ApplicationImpl.load(ApplicationImpl.java:499)
	at com.intellij.openapi.application.impl.ApplicationImpl.load(ApplicationImpl.java:481)
	at com.intellij.idea.IdeaApplication.run(IdeaApplication.java:170)
	at com.intellij.idea.MainImpl$1$1$1.run(MainImpl.java:52)
	at java.awt.event.InvocationEvent.dispatch(InvocationEvent.java:311)
	at java.awt.EventQueue.dispatchEventImpl(EventQueue.java:756)
	at java.awt.EventQueue.access$500(EventQueue.java:97)
	at java.awt.EventQueue$3.run(EventQueue.java:709)
	at java.awt.EventQueue$3.run(EventQueue.java:703)
	at java.security.AccessController.doPrivileged(Native Method)
	at java.security.ProtectionDomain$JavaSecurityAccessImpl.doIntersectionPrivilege(ProtectionDomain.java:76)
	at java.awt.EventQueue.dispatchEvent(EventQueue.java:726)
	at com.intellij.ide.IdeEventQueue.dispatchEvent(IdeEventQueue.java:362)
	at java.awt.EventDispatchThread.pumpOneEventForFilters(EventDispatchThread.java:201)
	at java.awt.EventDispatchThread.pumpEventsForFilter(EventDispatchThread.java:116)
	at java.awt.EventDispatchThread.pumpEventsForHierarchy(EventDispatchThread.java:105)
	at java.awt.EventDispatchThread.pumpEvents(EventDispatchThread.java:101)
	at java.awt.EventDispatchThread.pumpEvents(EventDispatchThread.java:93)
	at java.awt.EventDispatchThread.run(EventDispatchThread.java:82)
Caused by: java.lang.ClassNotFoundException: com.intellij.execution.LocatableConfigurationType PluginClassLoader[Leiningen, 0.0.3]
	at com.intellij.ide.plugins.cl.PluginClassLoader.loadClass(PluginClassLoader.java:68)
	at java.lang.ClassLoader.loadClass(ClassLoader.java:357)
	... 99 more
[   2252]  ERROR - nsions.impl.ExtensionPointImpl - IntelliJ IDEA 14.1.5  Build #IC-141.2735.5 
[   2253]  ERROR - nsions.impl.ExtensionPointImpl - JDK: 1.8.0_66 
[   2253]  ERROR - nsions.impl.ExtensionPointImpl - VM: Java HotSpot(TM) 64-Bit Server VM 
[   2253]  ERROR - nsions.impl.ExtensionPointImpl - Vendor: Oracle Corporation 
[   2253]  ERROR - nsions.impl.ExtensionPointImpl - OS: Linux 
[   6122]  ERROR - impl.stores.ComponentStoreImpl - Conflicting component name 'LeiningenProjectsManager': class de.janthomae.leiningenplugin.project.LeiningenProjectsManager and class cursive.leiningen.project.LeiningenProjectsManager 
java.lang.Throwable
	at com.intellij.openapi.diagnostic.Logger.error(Logger.java:115)
	at com.intellij.openapi.components.impl.stores.ComponentStoreImpl.doAddComponent(ComponentStoreImpl.java:255)
	at com.intellij.openapi.components.impl.stores.ComponentStoreImpl.initPersistentComponent(ComponentStoreImpl.java:295)
	at com.intellij.openapi.components.impl.stores.ComponentStoreImpl.initComponent(ComponentStoreImpl.java:75)
	at com.intellij.openapi.project.impl.ProjectImpl.initializeComponent(ProjectImpl.java:201)
	at com.intellij.openapi.components.impl.ComponentManagerImpl$ComponentConfigComponentAdapter$1.getComponentInstance(ComponentManagerImpl.java:566)
	at com.intellij.openapi.components.impl.ComponentManagerImpl$ComponentConfigComponentAdapter.getComponentInstance(ComponentManagerImpl.java:610)
	at com.intellij.util.pico.DefaultPicoContainer.getLocalInstance(DefaultPicoContainer.java:245)
	at com.intellij.util.pico.DefaultPicoContainer.getComponentInstance(DefaultPicoContainer.java:211)
	at org.picocontainer.defaults.BasicComponentParameter.resolveInstance(BasicComponentParameter.java:77)
	at org.picocontainer.defaults.ComponentParameter.resolveInstance(ComponentParameter.java:114)
	at org.picocontainer.defaults.ConstructorInjectionComponentAdapter.getConstructorArguments(ConstructorInjectionComponentAdapter.java:257)
	at org.picocontainer.defaults.ConstructorInjectionComponentAdapter$1.run(ConstructorInjectionComponentAdapter.java:217)
	at org.picocontainer.defaults.ThreadLocalCyclicDependencyGuard.observe(ThreadLocalCyclicDependencyGuard.java:53)
	at org.picocontainer.defaults.ConstructorInjectionComponentAdapter.getComponentInstance(ConstructorInjectionComponentAdapter.java:248)
	at com.intellij.util.pico.ConstructorInjectionComponentAdapter.getComponentInstance(ConstructorInjectionComponentAdapter.java:58)
	at com.intellij.openapi.components.impl.ComponentManagerImpl$ComponentConfigComponentAdapter$1.getComponentInstance(ComponentManagerImpl.java:550)
	at com.intellij.openapi.components.impl.ComponentManagerImpl$ComponentConfigComponentAdapter.getComponentInstance(ComponentManagerImpl.java:610)
	at com.intellij.util.pico.DefaultPicoContainer.getLocalInstance(DefaultPicoContainer.java:245)
	at com.intellij.util.pico.DefaultPicoContainer.getComponentInstance(DefaultPicoContainer.java:211)
	at com.intellij.openapi.components.impl.ComponentManagerImpl.createComponent(ComponentManagerImpl.java:125)
	at com.intellij.openapi.components.impl.ComponentManagerImpl.createComponents(ComponentManagerImpl.java:116)
	at com.intellij.openapi.components.impl.ComponentManagerImpl.init(ComponentManagerImpl.java:87)
	at com.intellij.openapi.project.impl.ProjectImpl.init(ProjectImpl.java:292)
	at com.intellij.openapi.project.impl.ProjectManagerImpl.initProject(ProjectManagerImpl.java:319)
	at com.intellij.openapi.project.impl.ProjectManagerImpl.access$700(ProjectManagerImpl.java:82)
	at com.intellij.openapi.project.impl.ProjectManagerImpl$12.compute(ProjectManagerImpl.java:629)
	at com.intellij.openapi.project.impl.ProjectManagerImpl$12.compute(ProjectManagerImpl.java:625)
	at com.intellij.openapi.progress.impl.CoreProgressManager$4.run(CoreProgressManager.java:208)
	at com.intellij.openapi.progress.impl.CoreProgressManager$TaskRunnable.run(CoreProgressManager.java:563)
	at com.intellij.openapi.progress.impl.CoreProgressManager$8.run(CoreProgressManager.java:367)
	at com.intellij.openapi.progress.impl.CoreProgressManager$2.run(CoreProgressManager.java:152)
	at com.intellij.openapi.progress.impl.CoreProgressManager.registerIndicatorAndRun(CoreProgressManager.java:452)
	at com.intellij.openapi.progress.impl.CoreProgressManager.executeProcessUnderProgress(CoreProgressManager.java:402)
	at com.intellij.openapi.progress.impl.ProgressManagerImpl.executeProcessUnderProgress(ProgressManagerImpl.java:54)
	at com.intellij.openapi.progress.impl.CoreProgressManager.runProcess(CoreProgressManager.java:137)
	at com.intellij.openapi.application.impl.ApplicationImpl$10$1.run(ApplicationImpl.java:617)
	at com.intellij.openapi.application.impl.ApplicationImpl$8.run(ApplicationImpl.java:400)
	at java.util.concurrent.Executors$RunnableAdapter.call(Executors.java:511)
	at java.util.concurrent.FutureTask.run(FutureTask.java:266)
	at java.util.concurrent.ThreadPoolExecutor.runWorker(ThreadPoolExecutor.java:1142)
	at java.util.concurrent.ThreadPoolExecutor$Worker.run(ThreadPoolExecutor.java:617)
	at java.lang.Thread.run(Thread.java:745)
	at org.jetbrains.ide.PooledThreadExecutor$1$1.run(PooledThreadExecutor.java:56)
[   6123]  ERROR - impl.stores.ComponentStoreImpl - IntelliJ IDEA 14.1.5  Build #IC-141.2735.5 
[   6124]  ERROR - impl.stores.ComponentStoreImpl - JDK: 1.8.0_66 
[   6124]  ERROR - impl.stores.ComponentStoreImpl - VM: Java HotSpot(TM) 64-Bit Server VM 
[   6124]  ERROR - impl.stores.ComponentStoreImpl - Vendor: Oracle Corporation 
[   6124]  ERROR - impl.stores.ComponentStoreImpl - OS: Linux 
[   6124]  ERROR - impl.stores.ComponentStoreImpl - Last Action:  
[  14022]  ERROR - tartup.impl.StartupManagerImpl - com.intellij.openapi.actionSystem.impl.ChameleonAction cannot be cast to com.intellij.openapi.actionSystem.DefaultActionGroup 
java.lang.ClassCastException: com.intellij.openapi.actionSystem.impl.ChameleonAction cannot be cast to com.intellij.openapi.actionSystem.DefaultActionGroup
	at de.janthomae.leiningenplugin.navigator.LeiningenProjectNavigatorPanel.<init>(LeiningenProjectNavigatorPanel.java:30)
	at de.janthomae.leiningenplugin.navigator.LeiningenProjectNavigator.addPanel(LeiningenProjectNavigator.java:58)
	at de.janthomae.leiningenplugin.navigator.LeiningenProjectNavigator.access$000(LeiningenProjectNavigator.java:24)
	at de.janthomae.leiningenplugin.navigator.LeiningenProjectNavigator$1.run(LeiningenProjectNavigator.java:43)
	at com.intellij.ide.startup.impl.StartupManagerImpl.runActivity(StartupManagerImpl.java:339)
	at com.intellij.ide.startup.impl.StartupManagerImpl.access$700(StartupManagerImpl.java:59)
	at com.intellij.ide.startup.impl.StartupManagerImpl$3.run(StartupManagerImpl.java:174)
	at com.intellij.openapi.project.DumbServiceImpl.runWhenSmart(DumbServiceImpl.java:146)
	at com.intellij.ide.startup.impl.StartupManagerImpl.queueSmartModeActivity(StartupManagerImpl.java:171)
	at com.intellij.ide.startup.impl.StartupManagerImpl.access$1000(StartupManagerImpl.java:59)
	at com.intellij.ide.startup.impl.StartupManagerImpl$4.run(StartupManagerImpl.java:205)
	at com.intellij.openapi.project.DumbServiceImpl.updateFinished(DumbServiceImpl.java:269)
	at com.intellij.openapi.project.DumbServiceImpl.access$800(DumbServiceImpl.java:52)
	at com.intellij.openapi.project.DumbServiceImpl$9.run(DumbServiceImpl.java:439)
	at java.awt.event.InvocationEvent.dispatch(InvocationEvent.java:301)
	at java.awt.EventQueue.dispatchEventImpl(EventQueue.java:756)
	at java.awt.EventQueue.access$500(EventQueue.java:97)
	at java.awt.EventQueue$3.run(EventQueue.java:709)
	at java.awt.EventQueue$3.run(EventQueue.java:703)
	at java.security.AccessController.doPrivileged(Native Method)
	at java.security.ProtectionDomain$JavaSecurityAccessImpl.doIntersectionPrivilege(ProtectionDomain.java:76)
	at java.awt.EventQueue.dispatchEvent(EventQueue.java:726)
	at com.intellij.ide.IdeEventQueue.defaultDispatchEvent(IdeEventQueue.java:734)
	at com.intellij.ide.IdeEventQueue._dispatchEvent(IdeEventQueue.java:569)
	at com.intellij.ide.IdeEventQueue.dispatchEvent(IdeEventQueue.java:382)
	at java.awt.EventDispatchThread.pumpOneEventForFilters(EventDispatchThread.java:201)
	at java.awt.EventDispatchThread.pumpEventsForFilter(EventDispatchThread.java:116)
	at java.awt.EventDispatchThread.pumpEventsForHierarchy(EventDispatchThread.java:105)
	at java.awt.EventDispatchThread.pumpEvents(EventDispatchThread.java:101)
	at java.awt.EventDispatchThread.pumpEvents(EventDispatchThread.java:93)
	at java.awt.EventDispatchThread.run(EventDispatchThread.java:82)
[  14022]  ERROR - tartup.impl.StartupManagerImpl - IntelliJ IDEA 14.1.5  Build #IC-141.2735.5 
[  14022]  ERROR - tartup.impl.StartupManagerImpl - JDK: 1.8.0_66 
[  14022]  ERROR - tartup.impl.StartupManagerImpl - VM: Java HotSpot(TM) 64-Bit Server VM 
[  14022]  ERROR - tartup.impl.StartupManagerImpl - Vendor: Oracle Corporation 
[  14022]  ERROR - tartup.impl.StartupManagerImpl - OS: Linux 
[  14022]  ERROR - tartup.impl.StartupManagerImpl - Last Action:  
[  14030]  ERROR - tartup.impl.StartupManagerImpl - com.intellij.openapi.actionSystem.impl.ChameleonAction cannot be cast to com.intellij.openapi.actionSystem.DefaultActionGroup 
java.lang.ClassCastException: com.intellij.openapi.actionSystem.impl.ChameleonAction cannot be cast to com.intellij.openapi.actionSystem.DefaultActionGroup
	at cursive.leiningen.navigator.LeiningenProjectNavigatorPanel.<init>(Navigator.kt:124)
	at cursive.leiningen.navigator.LeiningenProjectNavigator.addPanel(Navigator.kt:57)
	at cursive.leiningen.navigator.LeiningenProjectNavigator.access$addPanel$2(Navigator.kt:39)
	at cursive.leiningen.navigator.LeiningenProjectNavigator$initComponent$1.run(Navigator.kt:47)
	at com.intellij.ide.startup.impl.StartupManagerImpl.runActivity(StartupManagerImpl.java:339)
	at com.intellij.ide.startup.impl.StartupManagerImpl.access$700(StartupManagerImpl.java:59)
	at com.intellij.ide.startup.impl.StartupManagerImpl$3.run(StartupManagerImpl.java:174)
	at com.intellij.openapi.project.DumbServiceImpl.runWhenSmart(DumbServiceImpl.java:146)
	at com.intellij.ide.startup.impl.StartupManagerImpl.queueSmartModeActivity(StartupManagerImpl.java:171)
	at com.intellij.ide.startup.impl.StartupManagerImpl.access$1000(StartupManagerImpl.java:59)
	at com.intellij.ide.startup.impl.StartupManagerImpl$4.run(StartupManagerImpl.java:205)
	at com.intellij.openapi.project.DumbServiceImpl.updateFinished(DumbServiceImpl.java:269)
	at com.intellij.openapi.project.DumbServiceImpl.access$800(DumbServiceImpl.java:52)
	at com.intellij.openapi.project.DumbServiceImpl$9.run(DumbServiceImpl.java:439)
	at java.awt.event.InvocationEvent.dispatch(InvocationEvent.java:301)
	at java.awt.EventQueue.dispatchEventImpl(EventQueue.java:756)
	at java.awt.EventQueue.access$500(EventQueue.java:97)
	at java.awt.EventQueue$3.run(EventQueue.java:709)
	at java.awt.EventQueue$3.run(EventQueue.java:703)
	at java.security.AccessController.doPrivileged(Native Method)
	at java.security.ProtectionDomain$JavaSecurityAccessImpl.doIntersectionPrivilege(ProtectionDomain.java:76)
	at java.awt.EventQueue.dispatchEvent(EventQueue.java:726)
	at com.intellij.ide.IdeEventQueue.defaultDispatchEvent(IdeEventQueue.java:734)
	at com.intellij.ide.IdeEventQueue._dispatchEvent(IdeEventQueue.java:569)
	at com.intellij.ide.IdeEventQueue.dispatchEvent(IdeEventQueue.java:382)
	at java.awt.EventDispatchThread.pumpOneEventForFilters(EventDispatchThread.java:201)
	at java.awt.EventDispatchThread.pumpEventsForFilter(EventDispatchThread.java:116)
	at java.awt.EventDispatchThread.pumpEventsForHierarchy(EventDispatchThread.java:105)
	at java.awt.EventDispatchThread.pumpEvents(EventDispatchThread.java:101)
	at java.awt.EventDispatchThread.pumpEvents(EventDispatchThread.java:93)
	at java.awt.EventDispatchThread.run(EventDispatchThread.java:82)
[  14030]  ERROR - tartup.impl.StartupManagerImpl - IntelliJ IDEA 14.1.5  Build #IC-141.2735.5 
[  14030]  ERROR - tartup.impl.StartupManagerImpl - JDK: 1.8.0_66 
[  14030]  ERROR - tartup.impl.StartupManagerImpl - VM: Java HotSpot(TM) 64-Bit Server VM 
[  14030]  ERROR - tartup.impl.StartupManagerImpl - Vendor: Oracle Corporation 
[  14031]  ERROR - tartup.impl.StartupManagerImpl - OS: Linux 
[  14031]  ERROR - tartup.impl.StartupManagerImpl - Last Action:  
